<?xml version="1.0" encoding="UTF-8"?>
<!-- Generated by org.testng.reporters.JUnitReportReporter -->
<testsuite hostname="TheoremUK01" name="cucumberOptions.TestRunner" tests="1" failures="0" timestamp="1 May 2019 16:48:45 GMT" time="33.982" errors="0">
  <testcase name="feature" time="33.982" classname="cucumberOptions.TestRunner"/>
</testsuite> <!-- cucumberOptions.TestRunner -->
